<?xml version="1.0" encoding="UTF-8"?>
<testsuite xmlns:xsi="http://www.w3.org/2001/XMLSchema-instance" xsi:noNamespaceSchemaLocation="https://maven.apache.org/surefire/maven-surefire-plugin/xsd/surefire-test-report.xsd" name="BonusServiceTest" time="0.035" tests="4" errors="0" skipped="0" failures="1">
  <properties>
[...]
</properties>
  <testcase name="shouldCalculateForRegisteredAndOverLimit" classname="BonusServiceTest" time="0.025"/>
  <testcase name="shouldCalculateForNotRegisteredAndUnderLimit" classname="BonusServiceTest" time="0"/>
  <testcase name="shouldCalculateForNotRegisteredAndOverLimit" classname="BonusServiceTest" time="0.005">
    <failure message="expected: &lt;300&gt; but was: &lt;500&gt;" type="org.opentest4j.AssertionFailedError"><![CDATA[org.opentest4j.AssertionFailedError: expected: <300> but was: <500>
	at BonusServiceTest.shouldCalculateForNotRegisteredAndOverLimit(BonusServiceTest.java:60)
]]></failure>
  </testcase>
  <testcase name="shouldCalculateForRegisteredAndUnderLimit" classname="BonusServiceTest" time="0"/>
</testsuite>